# JRE version: Java(TM) SE Runtime Environment (17.0.11+7) (build 17.0.11+7-LTS-207)
# Java VM: Java HotSpot(TM) 64-Bit Server VM (17.0.11+7-LTS-207, mixed mode, sharing, tiered, compressed oops, compressed class ptrs, g1 gc, windows-amd64)
GC Precious Log:
 CPUs: 8 total, 8 available
 Memory: 16126M
 Large Page Support: Disabled
 NUMA Support: Disabled
 Compressed Oops: Enabled (Zero based)
 Heap Region Size: 2M
 Heap Min Capacity: 8M
 Heap Initial Capacity: 252M
 Heap Max Capacity: 3G
 Pre-touch: Disabled
 Parallel Workers: 8
 Concurrent Workers: 2
 Concurrent Refinement Workers: 8
 Periodic GC: Disabled
Heap:
 garbage-first heap   total 819200K, used 348888K [0x0000000740000000, 0x0000000800000000)
  region size 2048K, 7 young (14336K), 7 survivors (14336K)
 Metaspace       used 80637K, committed 81536K, reserved 1179648K
  class space    used 11161K, committed 11584K, reserved 1048576K
GC Heap History (20 events):
Event: 36.247 GC heap after
{Heap after GC invocations=29 (full 0):
 garbage-first heap   total 352256K, used 242688K [0x0000000740000000, 0x0000000800000000)
  region size 2048K, 4 young (8192K), 4 survivors (8192K)
 Metaspace       used 71314K, committed 72064K, reserved 1114112K
  class space    used 9943K, committed 10304K, reserved 1048576K
}
Event: 36.287 GC heap before
{Heap before GC invocations=29 (full 0):
 garbage-first heap   total 352256K, used 271360K [0x0000000740000000, 0x0000000800000000)
  region size 2048K, 18 young (36864K), 4 survivors (8192K)
 Metaspace       used 71314K, committed 72064K, reserved 1114112K
  class space    used 9943K, committed 10304K, reserved 1048576K
}
Event: 36.303 GC heap after
{Heap after GC invocations=30 (full 0):
 garbage-first heap   total 352256K, used 266240K [0x0000000740000000, 0x0000000800000000)
  region size 2048K, 3 young (6144K), 3 survivors (6144K)
 Metaspace       used 71314K, committed 72064K, reserved 1114112K
  class space    used 9943K, committed 10304K, reserved 1048576K
}
Event: 36.329 GC heap before
{Heap before GC invocations=30 (full 0):
 garbage-first heap   total 352256K, used 284672K [0x0000000740000000, 0x0000000800000000)
  region size 2048K, 12 young (24576K), 3 survivors (6144K)
 Metaspace       used 71314K, committed 72064K, reserved 1114112K
  class space    used 9943K, committed 10304K, reserved 1048576K
}
Event: 36.344 GC heap after
{Heap after GC invocations=31 (full 0):
 garbage-first heap   total 819200K, used 280503K [0x0000000740000000, 0x0000000800000000)
  region size 2048K, 2 young (4096K), 2 survivors (4096K)
 Metaspace       used 71314K, committed 72064K, reserved 1114112K
  class space    used 9943K, committed 10304K, reserved 1048576K
}
Event: 36.838 GC heap before
{Heap before GC invocations=32 (full 0):
 garbage-first heap   total 819200K, used 538551K [0x0000000740000000, 0x0000000800000000)
  region size 2048K, 111 young (227328K), 2 survivors (4096K)
 Metaspace       used 71410K, committed 72128K, reserved 1114112K
  class space    used 9943K, committed 10304K, reserved 1048576K
}
Event: 36.952 GC heap after
{Heap after GC invocations=33 (full 0):
 garbage-first heap   total 819200K, used 435461K [0x0000000740000000, 0x0000000800000000)
  region size 2048K, 14 young (28672K), 14 survivors (28672K)
 Metaspace       used 71410K, committed 72128K, reserved 1114112K
  class space    used 9943K, committed 10304K, reserved 1048576K
}
Event: 36.970 GC heap before
{Heap before GC invocations=33 (full 0):
 garbage-first heap   total 819200K, used 447749K [0x0000000740000000, 0x0000000800000000)
  region size 2048K, 20 young (40960K), 14 survivors (28672K)
 Metaspace       used 71410K, committed 72128K, reserved 1114112K
  class space    used 9943K, committed 10304K, reserved 1048576K
}
Event: 37.024 GC heap after
{Heap after GC invocations=34 (full 0):
 garbage-first heap   total 819200K, used 441344K [0x0000000740000000, 0x0000000800000000)
  region size 2048K, 3 young (6144K), 3 survivors (6144K)
 Metaspace       used 71410K, committed 72128K, reserved 1114112K
  class space    used 9943K, committed 10304K, reserved 1048576K
}
Event: 1791.652 GC heap before
{Heap before GC invocations=34 (full 0):
 garbage-first heap   total 819200K, used 566272K [0x0000000740000000, 0x0000000800000000)
  region size 2048K, 63 young (129024K), 3 survivors (6144K)
 Metaspace       used 76238K, committed 76992K, reserved 1179648K
  class space    used 10696K, committed 11072K, reserved 1048576K
}
Event: 1791.694 GC heap after
{Heap after GC invocations=35 (full 0):
 garbage-first heap   total 819200K, used 472064K [0x0000000740000000, 0x0000000800000000)
  region size 2048K, 8 young (16384K), 8 survivors (16384K)
 Metaspace       used 76238K, committed 76992K, reserved 1179648K
  class space    used 10696K, committed 11072K, reserved 1048576K
}
Event: 1792.442 GC heap before
{Heap before GC invocations=36 (full 0):
 garbage-first heap   total 819200K, used 302080K [0x0000000740000000, 0x0000000800000000)
  region size 2048K, 20 young (40960K), 8 survivors (16384K)
 Metaspace       used 76817K, committed 77504K, reserved 1179648K
  class space    used 10738K, committed 11072K, reserved 1048576K
}
Event: 1792.501 GC heap after
{Heap after GC invocations=37 (full 0):
 garbage-first heap   total 819200K, used 280939K [0x0000000740000000, 0x0000000800000000)
  region size 2048K, 2 young (4096K), 2 survivors (4096K)
 Metaspace       used 76817K, committed 77504K, reserved 1179648K
  class space    used 10738K, committed 11072K, reserved 1048576K
}
Event: 1793.508 GC heap before
{Heap before GC invocations=37 (full 0):
 garbage-first heap   total 819200K, used 317803K [0x0000000740000000, 0x0000000800000000)
  region size 2048K, 20 young (40960K), 2 survivors (4096K)
 Metaspace       used 77917K, committed 78656K, reserved 1179648K
  class space    used 10882K, committed 11200K, reserved 1048576K
}
Event: 1793.519 GC heap after
{Heap after GC invocations=38 (full 0):
 garbage-first heap   total 819200K, used 229828K [0x0000000740000000, 0x0000000800000000)
  region size 2048K, 2 young (4096K), 2 survivors (4096K)
 Metaspace       used 77917K, committed 78656K, reserved 1179648K
  class space    used 10882K, committed 11200K, reserved 1048576K
}
Event: 1804.377 GC heap before
{Heap before GC invocations=38 (full 0):
 garbage-first heap   total 819200K, used 586180K [0x0000000740000000, 0x0000000800000000)
  region size 2048K, 115 young (235520K), 2 survivors (4096K)
 Metaspace       used 80409K, committed 81216K, reserved 1179648K
  class space    used 11134K, committed 11520K, reserved 1048576K
}
Event: 1804.435 GC heap after
{Heap after GC invocations=39 (full 0):
 garbage-first heap   total 819200K, used 337288K [0x0000000740000000, 0x0000000800000000)
  region size 2048K, 15 young (30720K), 15 survivors (30720K)
 Metaspace       used 80409K, committed 81216K, reserved 1179648K
  class space    used 11134K, committed 11520K, reserved 1048576K
}
Event: 1804.569 GC heap before
{Heap before GC invocations=39 (full 0):
 garbage-first heap   total 819200K, used 386440K [0x0000000740000000, 0x0000000800000000)
  region size 2048K, 24 young (49152K), 15 survivors (30720K)
 Metaspace       used 80514K, committed 81344K, reserved 1179648K
  class space    used 11147K, committed 11520K, reserved 1048576K
}
Event: 1804.602 GC heap after
{Heap after GC invocations=40 (full 0):
 garbage-first heap   total 819200K, used 347728K [0x0000000740000000, 0x0000000800000000)
  region size 2048K, 7 young (14336K), 7 survivors (14336K)
 Metaspace       used 80514K, committed 81344K, reserved 1179648K
  class space    used 11147K, committed 11520K, reserved 1048576K
}
Event: 1805.842 GC heap before
{Heap before GC invocations=40 (full 0):
 garbage-first heap   total 819200K, used 411216K [0x0000000740000000, 0x0000000800000000)
  region size 2048K, 27 young (55296K), 7 survivors (14336K)
 Metaspace       used 80637K, committed 81536K, reserved 1179648K
  class space    used 11161K, committed 11584K, reserved 1048576K
}

